[2019-01-15 08:01:58] corahb.ERROR: exception {"message":"aegisx.token.invalid","code":401,"line":66,"file":"phar:///var/www/chbgroup.cz/web/api/build/src.phar/src/Modules/Users/BaseAuthentication.php","method":"GET","url":"https://www.corahb.net/api/shop/products/magneticka-lista-610-ferdus-fer10-227?token=5c27a83fe78b27074f5d9df3","query":{"token":"5c27a83fe78b27074f5d9df3"},"body":[],"ip":"66.249.76.140"} {"uid":"c1e4f73"}
[2019-01-15 08:02:25] corahb.ERROR: exception {"message":"aegisx.token.invalid","code":401,"line":66,"file":"phar:///var/www/chbgroup.cz/web/api/build/src.phar/src/Modules/Users/BaseAuthentication.php","method":"GET","url":"https://www.corahb.net/api/shop/products/spachtle-40mm-festa-levior-32162?token=5c27c853e78b2729f8401eb3","query":{"token":"5c27c853e78b2729f8401eb3"},"body":[],"ip":"66.249.76.140"} {"uid":"21f10bd"}
[2019-01-15 08:04:57] corahb.ERROR: exception {"message":"aegisx.token.invalid","code":401,"line":66,"file":"phar:///var/www/chbgroup.cz/web/api/build/src.phar/src/Modules/Users/BaseAuthentication.php","method":"GET","url":"https://www.corahb.net/api/shop/products/svorky-na-baterii-nahradni-600a-extol-8897321a?token=5c27c853e78b2729f8401eb3","query":{"token":"5c27c853e78b2729f8401eb3"},"body":[],"ip":"66.249.76.142"} {"uid":"dcfeb6c"}
[2019-01-15 08:15:10] corahb.ERROR: exception {"message":"aegisx.token.invalid","code":401,"line":66,"file":"phar:///var/www/chbgroup.cz/web/api/build/src.phar/src/Modules/Users/BaseAuthentication.php","method":"GET","url":"https://www.corahb.net/api/shop/products/sroubovak-t-imbus-2-5-mm-yato-yt-05571?token=5c27a83fe78b27074f5d9df3","query":{"token":"5c27a83fe78b27074f5d9df3"},"body":[],"ip":"66.249.66.46"} {"uid":"517bb65"}
[2019-01-15 08:21:46] corahb.ERROR: error {"message":"Argument 1 passed to Doctrine\\ODM\\MongoDB\\Persisters\\DocumentPersister::prepareQueryOrNewObj() must be of the type array, string given, called in /var/www/chbgroup.cz/web/api/vendor/doctrine/mongodb-odm/lib/Doctrine/ODM/MongoDB/Query/Expr.php on line 179","code":0,"line":1007,"file":"/var/www/chbgroup.cz/web/api/vendor/doctrine/mongodb-odm/lib/Doctrine/ODM/MongoDB/Persisters/DocumentPersister.php","method":"GET","url":"https://www.corahb.net/api/products?token=5c3c9f48e78b2725f31dfac7&page=1&nextis_categories%5B%5D=cf5f2fa229e44f93b2574825c9720b6f&filter=%5B%5B%5Bnull,%22null:null%22%5D%5D%5D","query":{"token":"5c3c9f48e78b2725f31dfac7","page":"1","nextis_categories":["cf5f2fa229e44f93b2574825c9720b6f"],"filter":"[[[null,\"null:null\"]]]"},"body":[],"ip":"109.72.4.22"} {"uid":"275a7ad"}
[2019-01-15 08:35:23] corahb.ERROR: exception {"message":"aegisx.token.invalid","code":401,"line":66,"file":"phar:///var/www/chbgroup.cz/web/api/build/src.phar/src/Modules/Users/BaseAuthentication.php","method":"GET","url":"https://www.corahb.net/api/shop/products/ryci-vidle-kovane-levior-61012?token=5c2767a9e78b270f2401a363","query":{"token":"5c2767a9e78b270f2401a363"},"body":[],"ip":"66.249.76.140"} {"uid":"2fc03ea"}
[2019-01-15 08:37:36] corahb.ERROR: warning {"message":"ftp_chdir(): obrazky levior/13237.jpg: No such file or directory","code":2,"line":389,"file":"/var/www/chbgroup.cz/web/api/vendor/league/flysystem/src/Adapter/Ftp.php"} {"uid":"2b25510"}
[2019-01-15 08:37:37] corahb.ERROR: warning {"message":"ftp_chdir(): obrazky levior/13238.jpg: No such file or directory","code":2,"line":389,"file":"/var/www/chbgroup.cz/web/api/vendor/league/flysystem/src/Adapter/Ftp.php"} {"uid":"2b25510"}
[2019-01-15 08:37:37] corahb.ERROR: warning {"message":"ftp_chdir(): obrazky levior/13284.jpg: No such file or directory","code":2,"line":389,"file":"/var/www/chbgroup.cz/web/api/vendor/league/flysystem/src/Adapter/Ftp.php"} {"uid":"2b25510"}
[2019-01-15 08:37:37] corahb.ERROR: warning {"message":"ftp_chdir(): obrazky levior/14480.jpg: No such file or directory","code":2,"line":389,"file":"/var/www/chbgroup.cz/web/api/vendor/league/flysystem/src/Adapter/Ftp.php"} {"uid":"2b25510"}
[2019-01-15 08:37:37] corahb.ERROR: warning {"message":"ftp_chdir(): obrazky levior/16150.jpg: No such file or directory","code":2,"line":389,"file":"/var/www/chbgroup.cz/web/api/vendor/league/flysystem/src/Adapter/Ftp.php"} {"uid":"2b25510"}
[2019-01-15 08:37:37] corahb.ERROR: warning {"message":"ftp_chdir(): obrazky levior/16229.jpg: No such file or directory","code":2,"line":389,"file":"/var/www/chbgroup.cz/web/api/vendor/league/flysystem/src/Adapter/Ftp.php"} {"uid":"2b25510"}
[2019-01-15 08:37:38] corahb.ERROR: warning {"message":"ftp_chdir(): obrazky levior/17456.jpg: No such file or directory","code":2,"line":389,"file":"/var/www/chbgroup.cz/web/api/vendor/league/flysystem/src/Adapter/Ftp.php"} {"uid":"2b25510"}
[2019-01-15 08:37:38] corahb.ERROR: warning {"message":"ftp_chdir(): obrazky levior/17480.jpg: No such file or directory","code":2,"line":389,"file":"/var/www/chbgroup.cz/web/api/vendor/league/flysystem/src/Adapter/Ftp.php"} {"uid":"2b25510"}
[2019-01-15 08:37:38] corahb.ERROR: warning {"message":"ftp_chdir(): obrazky levior/17486.jpg: No such file or directory","code":2,"line":389,"file":"/var/www/chbgroup.cz/web/api/vendor/league/flysystem/src/Adapter/Ftp.php"} {"uid":"2b25510"}
[2019-01-15 08:37:38] corahb.ERROR: warning {"message":"ftp_chdir(): obrazky levior/18500.jpg: No such file or directory","code":2,"line":389,"file":"/var/www/chbgroup.cz/web/api/vendor/league/flysystem/src/Adapter/Ftp.php"} {"uid":"2b25510"}
[2019-01-15 08:37:38] corahb.ERROR: warning {"message":"ftp_chdir(): obrazky levior/18549.jpg: No such file or directory","code":2,"line":389,"file":"/var/www/chbgroup.cz/web/api/vendor/league/flysystem/src/Adapter/Ftp.php"} {"uid":"2b25510"}
[2019-01-15 08:37:38] corahb.ERROR: warning {"message":"ftp_chdir(): obrazky levior/18970.jpg: No such file or directory","code":2,"line":389,"file":"/var/www/chbgroup.cz/web/api/vendor/league/flysystem/src/Adapter/Ftp.php"} {"uid":"2b25510"}
[2019-01-15 08:37:38] corahb.ERROR: warning {"message":"ftp_chdir(): obrazky levior/18971.jpg: No such file or directory","code":2,"line":389,"file":"/var/www/chbgroup.cz/web/api/vendor/league/flysystem/src/Adapter/Ftp.php"} {"uid":"2b25510"}
[2019-01-15 08:37:38] corahb.ERROR: warning {"message":"ftp_chdir(): obrazky levior/18972.jpg: No such file or directory","code":2,"line":389,"file":"/var/www/chbgroup.cz/web/api/vendor/league/flysystem/src/Adapter/Ftp.php"} {"uid":"2b25510"}
[2019-01-15 08:37:38] corahb.ERROR: warning {"message":"ftp_chdir(): obrazky levior/19106.jpg: No such file or directory","code":2,"line":389,"file":"/var/www/chbgroup.cz/web/api/vendor/league/flysystem/src/Adapter/Ftp.php"} {"uid":"2b25510"}
[2019-01-15 08:37:39] corahb.ERROR: warning {"message":"ftp_chdir(): obrazky levior/19109.jpg: No such file or directory","code":2,"line":389,"file":"/var/www/chbgroup.cz/web/api/vendor/league/flysystem/src/Adapter/Ftp.php"} {"uid":"2b25510"}
[2019-01-15 08:37:39] corahb.ERROR: warning {"message":"ftp_chdir(): obrazky levior/20361.jpg: No such file or directory","code":2,"line":389,"file":"/var/www/chbgroup.cz/web/api/vendor/league/flysystem/src/Adapter/Ftp.php"} {"uid":"2b25510"}
[2019-01-15 08:37:39] corahb.ERROR: warning {"message":"ftp_chdir(): obrazky levior/20870.jpg: No such file or directory","code":2,"line":389,"file":"/var/www/chbgroup.cz/web/api/vendor/league/flysystem/src/Adapter/Ftp.php"} {"uid":"2b25510"}
[2019-01-15 08:37:39] corahb.ERROR: warning {"message":"ftp_chdir(): obrazky levior/20871.jpg: No such file or directory","code":2,"line":389,"file":"/var/www/chbgroup.cz/web/api/vendor/league/flysystem/src/Adapter/Ftp.php"} {"uid":"2b25510"}
[2019-01-15 08:37:39] corahb.ERROR: warning {"message":"ftp_chdir(): obrazky levior/20872.jpg: No such file or directory","code":2,"line":389,"file":"/var/www/chbgroup.cz/web/api/vendor/league/flysystem/src/Adapter/Ftp.php"} {"uid":"2b25510"}
[2019-01-15 08:37:39] corahb.ERROR: warning {"message":"ftp_chdir(): obrazky levior/20873.jpg: No such file or directory","code":2,"line":389,"file":"/var/www/chbgroup.cz/web/api/vendor/league/flysystem/src/Adapter/Ftp.php"} {"uid":"2b25510"}
[2019-01-15 08:37:39] corahb.ERROR: warning {"message":"ftp_chdir(): obrazky levior/20874.jpg: No such file or directory","code":2,"line":389,"file":"/var/www/chbgroup.cz/web/api/vendor/league/flysystem/src/Adapter/Ftp.php"} {"uid":"2b25510"}
[2019-01-15 08:37:39] corahb.ERROR: warning {"message":"ftp_chdir(): obrazky levior/20875.jpg: No such file or directory","code":2,"line":389,"file":"/var/www/chbgroup.cz/web/api/vendor/league/flysystem/src/Adapter/Ftp.php"} {"uid":"2b25510"}
[2019-01-15 08:37:39] corahb.ERROR: warning {"message":"ftp_chdir(): obrazky levior/20876.jpg: No such file or directory","code":2,"line":389,"file":"/var/www/chbgroup.cz/web/api/vendor/league/flysystem/src/Adapter/Ftp.php"} {"uid":"2b25510"}
[2019-01-15 08:37:39] corahb.ERROR: warning {"message":"ftp_chdir(): obrazky levior/20877.jpg: No such file or directory","code":2,"line":389,"file":"/var/www/chbgroup.cz/web/api/vendor/league/flysystem/src/Adapter/Ftp.php"} {"uid":"2b25510"}
[2019-01-15 08:37:39] corahb.ERROR: warning {"message":"ftp_chdir(): obrazky levior/20878.jpg: No such file or directory","code":2,"line":389,"file":"/var/www/chbgroup.cz/web/api/vendor/league/flysystem/src/Adapter/Ftp.php"} {"uid":"2b25510"}
[2019-01-15 08:37:39] corahb.ERROR: warning {"message":"ftp_chdir(): obrazky levior/20879.jpg: No such file or directory","code":2,"line":389,"file":"/var/www/chbgroup.cz/web/api/vendor/league/flysystem/src/Adapter/Ftp.php"} {"uid":"2b25510"}
[2019-01-15 08:37:39] corahb.ERROR: warning {"message":"ftp_chdir(): obrazky levior/20880.jpg: No such file or directory","code":2,"line":389,"file":"/var/www/chbgroup.cz/web/api/vendor/league/flysystem/src/Adapter/Ftp.php"} {"uid":"2b25510"}
[2019-01-15 08:37:39] corahb.ERROR: warning {"message":"ftp_chdir(): obrazky levior/20881.jpg: No such file or directory","code":2,"line":389,"file":"/var/www/chbgroup.cz/web/api/vendor/league/flysystem/src/Adapter/Ftp.php"} {"uid":"2b25510"}
[2019-01-15 08:37:39] corahb.ERROR: warning {"message":"ftp_chdir(): obrazky levior/20963.jpg: No such file or directory","code":2,"line":389,"file":"/var/www/chbgroup.cz/web/api/vendor/league/flysystem/src/Adapter/Ftp.php"} {"uid":"2b25510"}
[2019-01-15 08:37:40] corahb.ERROR: warning {"message":"ftp_chdir(): obrazky levior/21810.jpg: No such file or directory","code":2,"line":389,"file":"/var/www/chbgroup.cz/web/api/vendor/league/flysystem/src/Adapter/Ftp.php"} {"uid":"2b25510"}
[2019-01-15 08:37:40] corahb.ERROR: warning {"message":"ftp_chdir(): obrazky levior/21811.jpg: No such file or directory","code":2,"line":389,"file":"/var/www/chbgroup.cz/web/api/vendor/league/flysystem/src/Adapter/Ftp.php"} {"uid":"2b25510"}
[2019-01-15 08:37:40] corahb.ERROR: warning {"message":"ftp_chdir(): obrazky levior/21812.jpg: No such file or directory","code":2,"line":389,"file":"/var/www/chbgroup.cz/web/api/vendor/league/flysystem/src/Adapter/Ftp.php"} {"uid":"2b25510"}
[2019-01-15 08:37:40] corahb.ERROR: warning {"message":"ftp_chdir(): obrazky levior/21813.jpg: No such file or directory","code":2,"line":389,"file":"/var/www/chbgroup.cz/web/api/vendor/league/flysystem/src/Adapter/Ftp.php"} {"uid":"2b25510"}
[2019-01-15 08:37:40] corahb.ERROR: warning {"message":"ftp_chdir(): obrazky levior/21814.jpg: No such file or directory","code":2,"line":389,"file":"/var/www/chbgroup.cz/web/api/vendor/league/flysystem/src/Adapter/Ftp.php"} {"uid":"2b25510"}
[2019-01-15 08:37:40] corahb.ERROR: warning {"message":"ftp_chdir(): obrazky levior/21831.jpg: No such file or directory","code":2,"line":389,"file":"/var/www/chbgroup.cz/web/api/vendor/league/flysystem/src/Adapter/Ftp.php"} {"uid":"2b25510"}
[2019-01-15 08:37:40] corahb.ERROR: warning {"message":"ftp_chdir(): obrazky levior/21832.jpg: No such file or directory","code":2,"line":389,"file":"/var/www/chbgroup.cz/web/api/vendor/league/flysystem/src/Adapter/Ftp.php"} {"uid":"2b25510"}
[2019-01-15 08:37:40] corahb.ERROR: warning {"message":"ftp_chdir(): obrazky levior/21834.jpg: No such file or directory","code":2,"line":389,"file":"/var/www/chbgroup.cz/web/api/vendor/league/flysystem/src/Adapter/Ftp.php"} {"uid":"2b25510"}
[2019-01-15 08:37:40] corahb.ERROR: warning {"message":"ftp_chdir(): obrazky levior/21850.jpg: No such file or directory","code":2,"line":389,"file":"/var/www/chbgroup.cz/web/api/vendor/league/flysystem/src/Adapter/Ftp.php"} {"uid":"2b25510"}
[2019-01-15 08:37:40] corahb.ERROR: warning {"message":"ftp_chdir(): obrazky levior/21851.jpg: No such file or directory","code":2,"line":389,"file":"/var/www/chbgroup.cz/web/api/vendor/league/flysystem/src/Adapter/Ftp.php"} {"uid":"2b25510"}
[2019-01-15 08:37:40] corahb.ERROR: warning {"message":"ftp_chdir(): obrazky levior/21852.jpg: No such file or directory","code":2,"line":389,"file":"/var/www/chbgroup.cz/web/api/vendor/league/flysystem/src/Adapter/Ftp.php"} {"uid":"2b25510"}
[2019-01-15 08:37:41] corahb.ERROR: warning {"message":"ftp_chdir(): obrazky levior/21853.jpg: No such file or directory","code":2,"line":389,"file":"/var/www/chbgroup.cz/web/api/vendor/league/flysystem/src/Adapter/Ftp.php"} {"uid":"2b25510"}
[2019-01-15 08:37:41] corahb.ERROR: warning {"message":"ftp_chdir(): obrazky levior/21854.jpg: No such file or directory","code":2,"line":389,"file":"/var/www/chbgroup.cz/web/api/vendor/league/flysystem/src/Adapter/Ftp.php"} {"uid":"2b25510"}
[2019-01-15 08:37:41] corahb.ERROR: warning {"message":"ftp_chdir(): obrazky levior/21855.jpg: No such file or directory","code":2,"line":389,"file":"/var/www/chbgroup.cz/web/api/vendor/league/flysystem/src/Adapter/Ftp.php"} {"uid":"2b25510"}
[2019-01-15 08:37:41] corahb.ERROR: warning {"message":"ftp_chdir(): obrazky levior/21856.jpg: No such file or directory","code":2,"line":389,"file":"/var/www/chbgroup.cz/web/api/vendor/league/flysystem/src/Adapter/Ftp.php"} {"uid":"2b25510"}
[2019-01-15 08:37:41] corahb.ERROR: warning {"message":"ftp_chdir(): obrazky levior/21857.jpg: No such file or directory","code":2,"line":389,"file":"/var/www/chbgroup.cz/web/api/vendor/league/flysystem/src/Adapter/Ftp.php"} {"uid":"2b25510"}
[2019-01-15 08:37:41] corahb.ERROR: warning {"message":"ftp_chdir(): obrazky levior/21858.jpg: No such file or directory","code":2,"line":389,"file":"/var/www/chbgroup.cz/web/api/vendor/league/flysystem/src/Adapter/Ftp.php"} {"uid":"2b25510"}
[2019-01-15 08:37:41] corahb.ERROR: warning {"message":"ftp_chdir(): obrazky levior/21859.jpg: No such file or directory","code":2,"line":389,"file":"/var/www/chbgroup.cz/web/api/vendor/league/flysystem/src/Adapter/Ftp.php"} {"uid":"2b25510"}
[2019-01-15 08:37:41] corahb.ERROR: warning {"message":"ftp_chdir(): obrazky levior/21860.jpg: No such file or directory","code":2,"line":389,"file":"/var/www/chbgroup.cz/web/api/vendor/league/flysystem/src/Adapter/Ftp.php"} {"uid":"2b25510"}
[2019-01-15 08:37:41] corahb.ERROR: warning {"message":"ftp_chdir(): obrazky levior/21861.jpg: No such file or directory","code":2,"line":389,"file":"/var/www/chbgroup.cz/web/api/vendor/league/flysystem/src/Adapter/Ftp.php"} {"uid":"2b25510"}
[2019-01-15 08:37:41] corahb.ERROR: warning {"message":"ftp_chdir(): obrazky levior/21862.jpg: No such file or directory","code":2,"line":389,"file":"/var/www/chbgroup.cz/web/api/vendor/league/flysystem/src/Adapter/Ftp.php"} {"uid":"2b25510"}
[2019-01-15 08:37:41] corahb.ERROR: warning {"message":"ftp_chdir(): obrazky levior/21864.jpg: No such file or directory","code":2,"line":389,"file":"/var/www/chbgroup.cz/web/api/vendor/league/flysystem/src/Adapter/Ftp.php"} {"uid":"2b25510"}
[2019-01-15 08:37:41] corahb.ERROR: warning {"message":"ftp_chdir(): obrazky levior/22073.jpg: No such file or directory","code":2,"line":389,"file":"/var/www/chbgroup.cz/web/api/vendor/league/flysystem/src/Adapter/Ftp.php"} {"uid":"2b25510"}
[2019-01-15 08:37:41] corahb.ERROR: warning {"message":"ftp_chdir(): obrazky levior/22074.jpg: No such file or directory","code":2,"line":389,"file":"/var/www/chbgroup.cz/web/api/vendor/league/flysystem/src/Adapter/Ftp.php"} {"uid":"2b25510"}
[2019-01-15 08:37:41] corahb.ERROR: warning {"message":"ftp_chdir(): obrazky levior/22091.jpg: No such file or directory","code":2,"line":389,"file":"/var/www/chbgroup.cz/web/api/vendor/league/flysystem/src/Adapter/Ftp.php"} {"uid":"2b25510"}
[2019-01-15 08:37:42] corahb.ERROR: warning {"message":"ftp_chdir(): obrazky levior/22092.jpg: No such file or directory","code":2,"line":389,"file":"/var/www/chbgroup.cz/web/api/vendor/league/flysystem/src/Adapter/Ftp.php"} {"uid":"2b25510"}
[2019-01-15 08:37:42] corahb.ERROR: warning {"message":"ftp_chdir(): obrazky levior/22093.jpg: No such file or directory","code":2,"line":389,"file":"/var/www/chbgroup.cz/web/api/vendor/league/flysystem/src/Adapter/Ftp.php"} {"uid":"2b25510"}
[2019-01-15 08:37:42] corahb.ERROR: warning {"message":"ftp_chdir(): obrazky levior/22126.jpg: No such file or directory","code":2,"line":389,"file":"/var/www/chbgroup.cz/web/api/vendor/league/flysystem/src/Adapter/Ftp.php"} {"uid":"2b25510"}
[2019-01-15 08:37:42] corahb.ERROR: warning {"message":"ftp_chdir(): obrazky levior/22129.jpg: No such file or directory","code":2,"line":389,"file":"/var/www/chbgroup.cz/web/api/vendor/league/flysystem/src/Adapter/Ftp.php"} {"uid":"2b25510"}
[2019-01-15 08:37:42] corahb.ERROR: warning {"message":"ftp_chdir(): obrazky levior/22135.jpg: No such file or directory","code":2,"line":389,"file":"/var/www/chbgroup.cz/web/api/vendor/league/flysystem/src/Adapter/Ftp.php"} {"uid":"2b25510"}
[2019-01-15 08:37:42] corahb.ERROR: warning {"message":"ftp_chdir(): obrazky levior/22136.jpg: No such file or directory","code":2,"line":389,"file":"/var/www/chbgroup.cz/web/api/vendor/league/flysystem/src/Adapter/Ftp.php"} {"uid":"2b25510"}
[2019-01-15 08:37:42] corahb.ERROR: warning {"message":"ftp_chdir(): obrazky levior/22137.jpg: No such file or directory","code":2,"line":389,"file":"/var/www/chbgroup.cz/web/api/vendor/league/flysystem/src/Adapter/Ftp.php"} {"uid":"2b25510"}
[2019-01-15 08:37:43] corahb.ERROR: warning {"message":"ftp_chdir(): obrazky levior/22138.jpg: No such file or directory","code":2,"line":389,"file":"/var/www/chbgroup.cz/web/api/vendor/league/flysystem/src/Adapter/Ftp.php"} {"uid":"2b25510"}
[2019-01-15 08:37:43] corahb.ERROR: warning {"message":"ftp_chdir(): obrazky levior/22202.jpg: No such file or directory","code":2,"line":389,"file":"/var/www/chbgroup.cz/web/api/vendor/league/flysystem/src/Adapter/Ftp.php"} {"uid":"2b25510"}
[2019-01-15 08:37:43] corahb.ERROR: warning {"message":"ftp_chdir(): obrazky levior/22203.jpg: No such file or directory","code":2,"line":389,"file":"/var/www/chbgroup.cz/web/api/vendor/league/flysystem/src/Adapter/Ftp.php"} {"uid":"2b25510"}
[2019-01-15 08:37:43] corahb.ERROR: warning {"message":"ftp_chdir(): obrazky levior/22204.jpg: No such file or directory","code":2,"line":389,"file":"/var/www/chbgroup.cz/web/api/vendor/league/flysystem/src/Adapter/Ftp.php"} {"uid":"2b25510"}
[2019-01-15 08:37:43] corahb.ERROR: warning {"message":"ftp_chdir(): obrazky levior/22206.jpg: No such file or directory","code":2,"line":389,"file":"/var/www/chbgroup.cz/web/api/vendor/league/flysystem/src/Adapter/Ftp.php"} {"uid":"2b25510"}
[2019-01-15 08:37:43] corahb.ERROR: warning {"message":"ftp_chdir(): obrazky levior/22207.jpg: No such file or directory","code":2,"line":389,"file":"/var/www/chbgroup.cz/web/api/vendor/league/flysystem/src/Adapter/Ftp.php"} {"uid":"2b25510"}
[2019-01-15 08:37:43] corahb.ERROR: warning {"message":"ftp_chdir(): obrazky levior/23212.jpg: No such file or directory","code":2,"line":389,"file":"/var/www/chbgroup.cz/web/api/vendor/league/flysystem/src/Adapter/Ftp.php"} {"uid":"2b25510"}
[2019-01-15 08:37:43] corahb.ERROR: warning {"message":"ftp_chdir(): obrazky levior/23213.jpg: No such file or directory","code":2,"line":389,"file":"/var/www/chbgroup.cz/web/api/vendor/league/flysystem/src/Adapter/Ftp.php"} {"uid":"2b25510"}
[2019-01-15 08:37:43] corahb.ERROR: warning {"message":"ftp_chdir(): obrazky levior/23214.jpg: No such file or directory","code":2,"line":389,"file":"/var/www/chbgroup.cz/web/api/vendor/league/flysystem/src/Adapter/Ftp.php"} {"uid":"2b25510"}
[2019-01-15 08:37:43] corahb.ERROR: warning {"message":"ftp_chdir(): obrazky levior/23215.jpg: No such file or directory","code":2,"line":389,"file":"/var/www/chbgroup.cz/web/api/vendor/league/flysystem/src/Adapter/Ftp.php"} {"uid":"2b25510"}
[2019-01-15 08:37:43] corahb.ERROR: warning {"message":"ftp_chdir(): obrazky levior/23216.jpg: No such file or directory","code":2,"line":389,"file":"/var/www/chbgroup.cz/web/api/vendor/league/flysystem/src/Adapter/Ftp.php"} {"uid":"2b25510"}
[2019-01-15 08:37:43] corahb.ERROR: warning {"message":"ftp_chdir(): obrazky levior/23310.jpg: No such file or directory","code":2,"line":389,"file":"/var/www/chbgroup.cz/web/api/vendor/league/flysystem/src/Adapter/Ftp.php"} {"uid":"2b25510"}
[2019-01-15 08:37:44] corahb.ERROR: warning {"message":"ftp_chdir(): obrazky levior/23311.jpg: No such file or directory","code":2,"line":389,"file":"/var/www/chbgroup.cz/web/api/vendor/league/flysystem/src/Adapter/Ftp.php"} {"uid":"2b25510"}
[2019-01-15 08:37:44] corahb.ERROR: warning {"message":"ftp_chdir(): obrazky levior/23312.jpg: No such file or directory","code":2,"line":389,"file":"/var/www/chbgroup.cz/web/api/vendor/league/flysystem/src/Adapter/Ftp.php"} {"uid":"2b25510"}
[2019-01-15 08:37:44] corahb.ERROR: warning {"message":"ftp_chdir(): obrazky levior/23927.jpg: No such file or directory","code":2,"line":389,"file":"/var/www/chbgroup.cz/web/api/vendor/league/flysystem/src/Adapter/Ftp.php"} {"uid":"2b25510"}
[2019-01-15 08:37:44] corahb.ERROR: warning {"message":"ftp_chdir(): obrazky levior/23945.jpg: No such file or directory","code":2,"line":389,"file":"/var/www/chbgroup.cz/web/api/vendor/league/flysystem/src/Adapter/Ftp.php"} {"uid":"2b25510"}
[2019-01-15 08:37:44] corahb.ERROR: warning {"message":"ftp_chdir(): obrazky levior/24780.jpg: No such file or directory","code":2,"line":389,"file":"/var/www/chbgroup.cz/web/api/vendor/league/flysystem/src/Adapter/Ftp.php"} {"uid":"2b25510"}
[2019-01-15 08:37:44] corahb.ERROR: warning {"message":"ftp_chdir(): obrazky levior/24781.jpg: No such file or directory","code":2,"line":389,"file":"/var/www/chbgroup.cz/web/api/vendor/league/flysystem/src/Adapter/Ftp.php"} {"uid":"2b25510"}
[2019-01-15 08:37:44] corahb.ERROR: warning {"message":"ftp_chdir(): obrazky levior/24782.jpg: No such file or directory","code":2,"line":389,"file":"/var/www/chbgroup.cz/web/api/vendor/league/flysystem/src/Adapter/Ftp.php"} {"uid":"2b25510"}
[2019-01-15 08:37:44] corahb.ERROR: warning {"message":"ftp_chdir(): obrazky levior/24783.jpg: No such file or directory","code":2,"line":389,"file":"/var/www/chbgroup.cz/web/api/vendor/league/flysystem/src/Adapter/Ftp.php"} {"uid":"2b25510"}
[2019-01-15 08:37:44] corahb.ERROR: warning {"message":"ftp_chdir(): obrazky levior/24784.jpg: No such file or directory","code":2,"line":389,"file":"/var/www/chbgroup.cz/web/api/vendor/league/flysystem/src/Adapter/Ftp.php"} {"uid":"2b25510"}
[2019-01-15 08:37:44] corahb.ERROR: warning {"message":"ftp_chdir(): obrazky levior/24785.jpg: No such file or directory","code":2,"line":389,"file":"/var/www/chbgroup.cz/web/api/vendor/league/flysystem/src/Adapter/Ftp.php"} {"uid":"2b25510"}
[2019-01-15 08:37:44] corahb.ERROR: warning {"message":"ftp_chdir(): obrazky levior/26217.jpg: No such file or directory","code":2,"line":389,"file":"/var/www/chbgroup.cz/web/api/vendor/league/flysystem/src/Adapter/Ftp.php"} {"uid":"2b25510"}
[2019-01-15 08:37:44] corahb.ERROR: warning {"message":"ftp_chdir(): obrazky levior/35320.jpg: No such file or directory","code":2,"line":389,"file":"/var/www/chbgroup.cz/web/api/vendor/league/flysystem/src/Adapter/Ftp.php"} {"uid":"2b25510"}
[2019-01-15 08:37:45] corahb.ERROR: warning {"message":"ftp_chdir(): obrazky levior/35322.jpg: No such file or directory","code":2,"line":389,"file":"/var/www/chbgroup.cz/web/api/vendor/league/flysystem/src/Adapter/Ftp.php"} {"uid":"2b25510"}
[2019-01-15 08:37:45] corahb.ERROR: warning {"message":"ftp_chdir(): obrazky levior/35325.jpg: No such file or directory","code":2,"line":389,"file":"/var/www/chbgroup.cz/web/api/vendor/league/flysystem/src/Adapter/Ftp.php"} {"uid":"2b25510"}
[2019-01-15 08:37:45] corahb.ERROR: warning {"message":"ftp_chdir(): obrazky levior/35350.jpg: No such file or directory","code":2,"line":389,"file":"/var/www/chbgroup.cz/web/api/vendor/league/flysystem/src/Adapter/Ftp.php"} {"uid":"2b25510"}
[2019-01-15 08:37:45] corahb.ERROR: warning {"message":"ftp_chdir(): obrazky levior/35361.jpg: No such file or directory","code":2,"line":389,"file":"/var/www/chbgroup.cz/web/api/vendor/league/flysystem/src/Adapter/Ftp.php"} {"uid":"2b25510"}
[2019-01-15 08:37:45] corahb.ERROR: warning {"message":"ftp_chdir(): obrazky levior/35362.jpg: No such file or directory","code":2,"line":389,"file":"/var/www/chbgroup.cz/web/api/vendor/league/flysystem/src/Adapter/Ftp.php"} {"uid":"2b25510"}
[2019-01-15 08:37:45] corahb.ERROR: warning {"message":"ftp_chdir(): obrazky levior/36312.jpg: No such file or directory","code":2,"line":389,"file":"/var/www/chbgroup.cz/web/api/vendor/league/flysystem/src/Adapter/Ftp.php"} {"uid":"2b25510"}
[2019-01-15 08:37:45] corahb.ERROR: warning {"message":"ftp_chdir(): obrazky levior/36313.jpg: No such file or directory","code":2,"line":389,"file":"/var/www/chbgroup.cz/web/api/vendor/league/flysystem/src/Adapter/Ftp.php"} {"uid":"2b25510"}
[2019-01-15 08:37:46] corahb.ERROR: warning {"message":"ftp_chdir(): obrazky levior/36314.jpg: No such file or directory","code":2,"line":389,"file":"/var/www/chbgroup.cz/web/api/vendor/league/flysystem/src/Adapter/Ftp.php"} {"uid":"2b25510"}
[2019-01-15 08:37:46] corahb.ERROR: warning {"message":"ftp_chdir(): obrazky levior/37145.jpg: No such file or directory","code":2,"line":389,"file":"/var/www/chbgroup.cz/web/api/vendor/league/flysystem/src/Adapter/Ftp.php"} {"uid":"2b25510"}
[2019-01-15 08:37:46] corahb.ERROR: warning {"message":"ftp_chdir(): obrazky levior/37295.jpg: No such file or directory","code":2,"line":389,"file":"/var/www/chbgroup.cz/web/api/vendor/league/flysystem/src/Adapter/Ftp.php"} {"uid":"2b25510"}
[2019-01-15 08:37:46] corahb.ERROR: warning {"message":"ftp_chdir(): obrazky levior/37296.jpg: No such file or directory","code":2,"line":389,"file":"/var/www/chbgroup.cz/web/api/vendor/league/flysystem/src/Adapter/Ftp.php"} {"uid":"2b25510"}
[2019-01-15 08:37:46] corahb.ERROR: warning {"message":"ftp_chdir(): obrazky levior/37297.jpg: No such file or directory","code":2,"line":389,"file":"/var/www/chbgroup.cz/web/api/vendor/league/flysystem/src/Adapter/Ftp.php"} {"uid":"2b25510"}
[2019-01-15 08:37:46] corahb.ERROR: warning {"message":"ftp_chdir(): obrazky levior/37328.jpg: No such file or directory","code":2,"line":389,"file":"/var/www/chbgroup.cz/web/api/vendor/league/flysystem/src/Adapter/Ftp.php"} {"uid":"2b25510"}
[2019-01-15 08:37:46] corahb.ERROR: warning {"message":"ftp_chdir(): obrazky levior/37340.jpg: No such file or directory","code":2,"line":389,"file":"/var/www/chbgroup.cz/web/api/vendor/league/flysystem/src/Adapter/Ftp.php"} {"uid":"2b25510"}
[2019-01-15 08:37:46] corahb.ERROR: warning {"message":"ftp_chdir(): obrazky levior/37341.jpg: No such file or directory","code":2,"line":389,"file":"/var/www/chbgroup.cz/web/api/vendor/league/flysystem/src/Adapter/Ftp.php"} {"uid":"2b25510"}
[2019-01-15 08:37:47] corahb.ERROR: warning {"message":"ftp_chdir(): obrazky levior/37342.jpg: No such file or directory","code":2,"line":389,"file":"/var/www/chbgroup.cz/web/api/vendor/league/flysystem/src/Adapter/Ftp.php"} {"uid":"2b25510"}
[2019-01-15 08:37:47] corahb.ERROR: warning {"message":"ftp_chdir(): obrazky levior/37343.jpg: No such file or directory","code":2,"line":389,"file":"/var/www/chbgroup.cz/web/api/vendor/league/flysystem/src/Adapter/Ftp.php"} {"uid":"2b25510"}
[2019-01-15 08:37:47] corahb.ERROR: warning {"message":"ftp_chdir(): obrazky levior/37344.jpg: No such file or directory","code":2,"line":389,"file":"/var/www/chbgroup.cz/web/api/vendor/league/flysystem/src/Adapter/Ftp.php"} {"uid":"2b25510"}
[2019-01-15 08:37:47] corahb.ERROR: warning {"message":"ftp_chdir(): obrazky levior/37345.jpg: No such file or directory","code":2,"line":389,"file":"/var/www/chbgroup.cz/web/api/vendor/league/flysystem/src/Adapter/Ftp.php"} {"uid":"2b25510"}
[2019-01-15 08:37:47] corahb.ERROR: warning {"message":"ftp_chdir(): obrazky levior/37347.jpg: No such file or directory","code":2,"line":389,"file":"/var/www/chbgroup.cz/web/api/vendor/league/flysystem/src/Adapter/Ftp.php"} {"uid":"2b25510"}
[2019-01-15 08:37:47] corahb.ERROR: warning {"message":"ftp_chdir(): obrazky levior/37630.jpg: No such file or directory","code":2,"line":389,"file":"/var/www/chbgroup.cz/web/api/vendor/league/flysystem/src/Adapter/Ftp.php"} {"uid":"2b25510"}
[2019-01-15 08:37:47] corahb.ERROR: warning {"message":"ftp_chdir(): obrazky levior/37645.jpg: No such file or directory","code":2,"line":389,"file":"/var/www/chbgroup.cz/web/api/vendor/league/flysystem/src/Adapter/Ftp.php"} {"uid":"2b25510"}
[2019-01-15 08:37:47] corahb.ERROR: warning {"message":"ftp_chdir(): obrazky levior/38969.jpg: No such file or directory","code":2,"line":389,"file":"/var/www/chbgroup.cz/web/api/vendor/league/flysystem/src/Adapter/Ftp.php"} {"uid":"2b25510"}
[2019-01-15 08:37:47] corahb.ERROR: warning {"message":"ftp_chdir(): obrazky levior/42207.jpg: No such file or directory","code":2,"line":389,"file":"/var/www/chbgroup.cz/web/api/vendor/league/flysystem/src/Adapter/Ftp.php"} {"uid":"2b25510"}
[2019-01-15 08:37:48] corahb.ERROR: warning {"message":"ftp_chdir(): obrazky levior/42211.jpg: No such file or directory","code":2,"line":389,"file":"/var/www/chbgroup.cz/web/api/vendor/league/flysystem/src/Adapter/Ftp.php"} {"uid":"2b25510"}
[2019-01-15 08:37:48] corahb.ERROR: warning {"message":"ftp_chdir(): obrazky levior/42213.jpg: No such file or directory","code":2,"line":389,"file":"/var/www/chbgroup.cz/web/api/vendor/league/flysystem/src/Adapter/Ftp.php"} {"uid":"2b25510"}
[2019-01-15 08:37:48] corahb.ERROR: warning {"message":"ftp_chdir(): obrazky levior/42217.jpg: No such file or directory","code":2,"line":389,"file":"/var/www/chbgroup.cz/web/api/vendor/league/flysystem/src/Adapter/Ftp.php"} {"uid":"2b25510"}
[2019-01-15 08:37:48] corahb.ERROR: warning {"message":"ftp_chdir(): obrazky levior/42240.jpg: No such file or directory","code":2,"line":389,"file":"/var/www/chbgroup.cz/web/api/vendor/league/flysystem/src/Adapter/Ftp.php"} {"uid":"2b25510"}
[2019-01-15 08:37:48] corahb.ERROR: warning {"message":"ftp_chdir(): obrazky levior/44041.jpg: No such file or directory","code":2,"line":389,"file":"/var/www/chbgroup.cz/web/api/vendor/league/flysystem/src/Adapter/Ftp.php"} {"uid":"2b25510"}
[2019-01-15 08:37:48] corahb.ERROR: warning {"message":"ftp_chdir(): obrazky levior/44042.jpg: No such file or directory","code":2,"line":389,"file":"/var/www/chbgroup.cz/web/api/vendor/league/flysystem/src/Adapter/Ftp.php"} {"uid":"2b25510"}
[2019-01-15 08:37:48] corahb.ERROR: warning {"message":"ftp_chdir(): obrazky levior/44043.jpg: No such file or directory","code":2,"line":389,"file":"/var/www/chbgroup.cz/web/api/vendor/league/flysystem/src/Adapter/Ftp.php"} {"uid":"2b25510"}
[2019-01-15 08:37:48] corahb.ERROR: warning {"message":"ftp_chdir(): obrazky levior/44050.jpg: No such file or directory","code":2,"line":389,"file":"/var/www/chbgroup.cz/web/api/vendor/league/flysystem/src/Adapter/Ftp.php"} {"uid":"2b25510"}
[2019-01-15 08:37:48] corahb.ERROR: warning {"message":"ftp_chdir(): obrazky levior/44053.jpg: No such file or directory","code":2,"line":389,"file":"/var/www/chbgroup.cz/web/api/vendor/league/flysystem/src/Adapter/Ftp.php"} {"uid":"2b25510"}
[2019-01-15 08:37:48] corahb.ERROR: warning {"message":"ftp_chdir(): obrazky levior/44972.jpg: No such file or directory","code":2,"line":389,"file":"/var/www/chbgroup.cz/web/api/vendor/league/flysystem/src/Adapter/Ftp.php"} {"uid":"2b25510"}
[2019-01-15 08:37:48] corahb.ERROR: warning {"message":"ftp_chdir(): obrazky levior/44999.jpg: No such file or directory","code":2,"line":389,"file":"/var/www/chbgroup.cz/web/api/vendor/league/flysystem/src/Adapter/Ftp.php"} {"uid":"2b25510"}
[2019-01-15 08:37:49] corahb.ERROR: warning {"message":"ftp_chdir(): obrazky levior/45267.jpg: No such file or directory","code":2,"line":389,"file":"/var/www/chbgroup.cz/web/api/vendor/league/flysystem/src/Adapter/Ftp.php"} {"uid":"2b25510"}
[2019-01-15 08:37:49] corahb.ERROR: warning {"message":"ftp_chdir(): obrazky levior/45268.jpg: No such file or directory","code":2,"line":389,"file":"/var/www/chbgroup.cz/web/api/vendor/league/flysystem/src/Adapter/Ftp.php"} {"uid":"2b25510"}
[2019-01-15 08:37:49] corahb.ERROR: warning {"message":"ftp_chdir(): obrazky levior/45323.jpg: No such file or directory","code":2,"line":389,"file":"/var/www/chbgroup.cz/web/api/vendor/league/flysystem/src/Adapter/Ftp.php"} {"uid":"2b25510"}
[2019-01-15 08:37:49] corahb.ERROR: warning {"message":"ftp_chdir(): obrazky levior/45350.jpg: No such file or directory","code":2,"line":389,"file":"/var/www/chbgroup.cz/web/api/vendor/league/flysystem/src/Adapter/Ftp.php"} {"uid":"2b25510"}
[2019-01-15 08:37:49] corahb.ERROR: warning {"message":"ftp_chdir(): obrazky levior/45370.jpg: No such file or directory","code":2,"line":389,"file":"/var/www/chbgroup.cz/web/api/vendor/league/flysystem/src/Adapter/Ftp.php"} {"uid":"2b25510"}
[2019-01-15 08:37:49] corahb.ERROR: warning {"message":"ftp_chdir(): obrazky levior/45472.jpg: No such file or directory","code":2,"line":389,"file":"/var/www/chbgroup.cz/web/api/vendor/league/flysystem/src/Adapter/Ftp.php"} {"uid":"2b25510"}
[2019-01-15 08:37:49] corahb.ERROR: warning {"message":"ftp_chdir(): obrazky levior/45473.jpg: No such file or directory","code":2,"line":389,"file":"/var/www/chbgroup.cz/web/api/vendor/league/flysystem/src/Adapter/Ftp.php"} {"uid":"2b25510"}
[2019-01-15 08:37:49] corahb.ERROR: warning {"message":"ftp_chdir(): obrazky levior/45564.jpg: No such file or directory","code":2,"line":389,"file":"/var/www/chbgroup.cz/web/api/vendor/league/flysystem/src/Adapter/Ftp.php"} {"uid":"2b25510"}
[2019-01-15 08:37:50] corahb.ERROR: warning {"message":"ftp_chdir(): obrazky levior/45565.jpg: No such file or directory","code":2,"line":389,"file":"/var/www/chbgroup.cz/web/api/vendor/league/flysystem/src/Adapter/Ftp.php"} {"uid":"2b25510"}
[2019-01-15 08:37:50] corahb.ERROR: warning {"message":"ftp_chdir(): obrazky levior/50019.jpg: No such file or directory","code":2,"line":389,"file":"/var/www/chbgroup.cz/web/api/vendor/league/flysystem/src/Adapter/Ftp.php"} {"uid":"2b25510"}
[2019-01-15 08:37:50] corahb.ERROR: warning {"message":"ftp_chdir(): obrazky levior/50585.jpg: No such file or directory","code":2,"line":389,"file":"/var/www/chbgroup.cz/web/api/vendor/league/flysystem/src/Adapter/Ftp.php"} {"uid":"2b25510"}
[2019-01-15 08:37:50] corahb.ERROR: warning {"message":"ftp_chdir(): obrazky levior/50586.jpg: No such file or directory","code":2,"line":389,"file":"/var/www/chbgroup.cz/web/api/vendor/league/flysystem/src/Adapter/Ftp.php"} {"uid":"2b25510"}
[2019-01-15 08:37:50] corahb.ERROR: warning {"message":"ftp_chdir(): obrazky levior/50587.jpg: No such file or directory","code":2,"line":389,"file":"/var/www/chbgroup.cz/web/api/vendor/league/flysystem/src/Adapter/Ftp.php"} {"uid":"2b25510"}
[2019-01-15 08:37:50] corahb.ERROR: warning {"message":"ftp_chdir(): obrazky levior/50588.jpg: No such file or directory","code":2,"line":389,"file":"/var/www/chbgroup.cz/web/api/vendor/league/flysystem/src/Adapter/Ftp.php"} {"uid":"2b25510"}
[2019-01-15 08:37:50] corahb.ERROR: warning {"message":"ftp_chdir(): obrazky levior/51184.jpg: No such file or directory","code":2,"line":389,"file":"/var/www/chbgroup.cz/web/api/vendor/league/flysystem/src/Adapter/Ftp.php"} {"uid":"2b25510"}
[2019-01-15 08:37:50] corahb.ERROR: warning {"message":"ftp_chdir(): obrazky levior/51186.jpg: No such file or directory","code":2,"line":389,"file":"/var/www/chbgroup.cz/web/api/vendor/league/flysystem/src/Adapter/Ftp.php"} {"uid":"2b25510"}
[2019-01-15 08:37:50] corahb.ERROR: warning {"message":"ftp_chdir(): obrazky levior/51187.jpg: No such file or directory","code":2,"line":389,"file":"/var/www/chbgroup.cz/web/api/vendor/league/flysystem/src/Adapter/Ftp.php"} {"uid":"2b25510"}
[2019-01-15 08:37:50] corahb.ERROR: warning {"message":"ftp_chdir(): obrazky levior/51202.jpg: No such file or directory","code":2,"line":389,"file":"/var/www/chbgroup.cz/web/api/vendor/league/flysystem/src/Adapter/Ftp.php"} {"uid":"2b25510"}
[2019-01-15 08:37:50] corahb.ERROR: warning {"message":"ftp_chdir(): obrazky levior/51203.jpg: No such file or directory","code":2,"line":389,"file":"/var/www/chbgroup.cz/web/api/vendor/league/flysystem/src/Adapter/Ftp.php"} {"uid":"2b25510"}
[2019-01-15 08:37:51] corahb.ERROR: warning {"message":"ftp_chdir(): obrazky levior/51510.jpg: No such file or directory","code":2,"line":389,"file":"/var/www/chbgroup.cz/web/api/vendor/league/flysystem/src/Adapter/Ftp.php"} {"uid":"2b25510"}
[2019-01-15 08:37:51] corahb.ERROR: warning {"message":"ftp_chdir(): obrazky levior/51511.jpg: No such file or directory","code":2,"line":389,"file":"/var/www/chbgroup.cz/web/api/vendor/league/flysystem/src/Adapter/Ftp.php"} {"uid":"2b25510"}
[2019-01-15 08:37:51] corahb.ERROR: warning {"message":"ftp_chdir(): obrazky levior/51512.jpg: No such file or directory","code":2,"line":389,"file":"/var/www/chbgroup.cz/web/api/vendor/league/flysystem/src/Adapter/Ftp.php"} {"uid":"2b25510"}
[2019-01-15 08:37:51] corahb.ERROR: warning {"message":"ftp_chdir(): obrazky levior/51513.jpg: No such file or directory","code":2,"line":389,"file":"/var/www/chbgroup.cz/web/api/vendor/league/flysystem/src/Adapter/Ftp.php"} {"uid":"2b25510"}
[2019-01-15 08:37:51] corahb.ERROR: warning {"message":"ftp_chdir(): obrazky levior/51514.jpg: No such file or directory","code":2,"line":389,"file":"/var/www/chbgroup.cz/web/api/vendor/league/flysystem/src/Adapter/Ftp.php"} {"uid":"2b25510"}
[2019-01-15 08:37:51] corahb.ERROR: warning {"message":"ftp_chdir(): obrazky levior/51515.jpg: No such file or directory","code":2,"line":389,"file":"/var/www/chbgroup.cz/web/api/vendor/league/flysystem/src/Adapter/Ftp.php"} {"uid":"2b25510"}
[2019-01-15 08:37:51] corahb.ERROR: warning {"message":"ftp_chdir(): obrazky levior/51516.jpg: No such file or directory","code":2,"line":389,"file":"/var/www/chbgroup.cz/web/api/vendor/league/flysystem/src/Adapter/Ftp.php"} {"uid":"2b25510"}
[2019-01-15 08:37:51] corahb.ERROR: warning {"message":"ftp_chdir(): obrazky levior/51517.jpg: No such file or directory","code":2,"line":389,"file":"/var/www/chbgroup.cz/web/api/vendor/league/flysystem/src/Adapter/Ftp.php"} {"uid":"2b25510"}
[2019-01-15 08:37:51] corahb.ERROR: warning {"message":"ftp_chdir(): obrazky levior/52198.jpg: No such file or directory","code":2,"line":389,"file":"/var/www/chbgroup.cz/web/api/vendor/league/flysystem/src/Adapter/Ftp.php"} {"uid":"2b25510"}
[2019-01-15 08:37:51] corahb.ERROR: warning {"message":"ftp_chdir(): obrazky levior/52199.jpg: No such file or directory","code":2,"line":389,"file":"/var/www/chbgroup.cz/web/api/vendor/league/flysystem/src/Adapter/Ftp.php"} {"uid":"2b25510"}
[2019-01-15 08:37:51] corahb.ERROR: warning {"message":"ftp_chdir(): obrazky levior/52208.jpg: No such file or directory","code":2,"line":389,"file":"/var/www/chbgroup.cz/web/api/vendor/league/flysystem/src/Adapter/Ftp.php"} {"uid":"2b25510"}
[2019-01-15 08:37:52] corahb.ERROR: warning {"message":"ftp_chdir(): obrazky levior/52601.jpg: No such file or directory","code":2,"line":389,"file":"/var/www/chbgroup.cz/web/api/vendor/league/flysystem/src/Adapter/Ftp.php"} {"uid":"2b25510"}
[2019-01-15 08:37:52] corahb.ERROR: warning {"message":"ftp_chdir(): obrazky levior/55310.jpg: No such file or directory","code":2,"line":389,"file":"/var/www/chbgroup.cz/web/api/vendor/league/flysystem/src/Adapter/Ftp.php"} {"uid":"2b25510"}
[2019-01-15 08:37:52] corahb.ERROR: warning {"message":"ftp_chdir(): obrazky levior/55311.jpg: No such file or directory","code":2,"line":389,"file":"/var/www/chbgroup.cz/web/api/vendor/league/flysystem/src/Adapter/Ftp.php"} {"uid":"2b25510"}
[2019-01-15 08:37:52] corahb.ERROR: warning {"message":"ftp_chdir(): obrazky levior/55312.jpg: No such file or directory","code":2,"line":389,"file":"/var/www/chbgroup.cz/web/api/vendor/league/flysystem/src/Adapter/Ftp.php"} {"uid":"2b25510"}
[2019-01-15 08:37:52] corahb.ERROR: warning {"message":"ftp_chdir(): obrazky levior/55313.jpg: No such file or directory","code":2,"line":389,"file":"/var/www/chbgroup.cz/web/api/vendor/league/flysystem/src/Adapter/Ftp.php"} {"uid":"2b25510"}
[2019-01-15 08:37:52] corahb.ERROR: warning {"message":"ftp_chdir(): obrazky levior/55314.jpg: No such file or directory","code":2,"line":389,"file":"/var/www/chbgroup.cz/web/api/vendor/league/flysystem/src/Adapter/Ftp.php"} {"uid":"2b25510"}
[2019-01-15 08:37:52] corahb.ERROR: warning {"message":"ftp_chdir(): obrazky levior/55315.jpg: No such file or directory","code":2,"line":389,"file":"/var/www/chbgroup.cz/web/api/vendor/league/flysystem/src/Adapter/Ftp.php"} {"uid":"2b25510"}
[2019-01-15 08:37:52] corahb.ERROR: warning {"message":"ftp_chdir(): obrazky levior/55316.jpg: No such file or directory","code":2,"line":389,"file":"/var/www/chbgroup.cz/web/api/vendor/league/flysystem/src/Adapter/Ftp.php"} {"uid":"2b25510"}
[2019-01-15 08:37:52] corahb.ERROR: warning {"message":"ftp_chdir(): obrazky levior/55317.jpg: No such file or directory","code":2,"line":389,"file":"/var/www/chbgroup.cz/web/api/vendor/league/flysystem/src/Adapter/Ftp.php"} {"uid":"2b25510"}
[2019-01-15 08:37:52] corahb.ERROR: warning {"message":"ftp_chdir(): obrazky levior/55318.jpg: No such file or directory","code":2,"line":389,"file":"/var/www/chbgroup.cz/web/api/vendor/league/flysystem/src/Adapter/Ftp.php"} {"uid":"2b25510"}
[2019-01-15 08:37:52] corahb.ERROR: warning {"message":"ftp_chdir(): obrazky levior/55319.jpg: No such file or directory","code":2,"line":389,"file":"/var/www/chbgroup.cz/web/api/vendor/league/flysystem/src/Adapter/Ftp.php"} {"uid":"2b25510"}
[2019-01-15 08:37:52] corahb.ERROR: warning {"message":"ftp_chdir(): obrazky levior/60208.jpg: No such file or directory","code":2,"line":389,"file":"/var/www/chbgroup.cz/web/api/vendor/league/flysystem/src/Adapter/Ftp.php"} {"uid":"2b25510"}
[2019-01-15 08:37:52] corahb.ERROR: warning {"message":"ftp_chdir(): obrazky levior/61008.jpg: No such file or directory","code":2,"line":389,"file":"/var/www/chbgroup.cz/web/api/vendor/league/flysystem/src/Adapter/Ftp.php"} {"uid":"2b25510"}
[2019-01-15 08:37:53] corahb.ERROR: warning {"message":"ftp_chdir(): obrazky levior/61058.jpg: No such file or directory","code":2,"line":389,"file":"/var/www/chbgroup.cz/web/api/vendor/league/flysystem/src/Adapter/Ftp.php"} {"uid":"2b25510"}
[2019-01-15 08:37:53] corahb.ERROR: warning {"message":"ftp_chdir(): obrazky levior/61059.jpg: No such file or directory","code":2,"line":389,"file":"/var/www/chbgroup.cz/web/api/vendor/league/flysystem/src/Adapter/Ftp.php"} {"uid":"2b25510"}
[2019-01-15 08:37:53] corahb.ERROR: warning {"message":"ftp_chdir(): obrazky levior/61085.jpg: No such file or directory","code":2,"line":389,"file":"/var/www/chbgroup.cz/web/api/vendor/league/flysystem/src/Adapter/Ftp.php"} {"uid":"2b25510"}
[2019-01-15 08:37:53] corahb.ERROR: warning {"message":"ftp_chdir(): obrazky levior/61149.jpg: No such file or directory","code":2,"line":389,"file":"/var/www/chbgroup.cz/web/api/vendor/league/flysystem/src/Adapter/Ftp.php"} {"uid":"2b25510"}
[2019-01-15 08:37:53] corahb.ERROR: warning {"message":"ftp_chdir(): obrazky levior/61194.jpg: No such file or directory","code":2,"line":389,"file":"/var/www/chbgroup.cz/web/api/vendor/league/flysystem/src/Adapter/Ftp.php"} {"uid":"2b25510"}
[2019-01-15 08:37:53] corahb.ERROR: warning {"message":"ftp_chdir(): obrazky levior/61203.jpg: No such file or directory","code":2,"line":389,"file":"/var/www/chbgroup.cz/web/api/vendor/league/flysystem/src/Adapter/Ftp.php"} {"uid":"2b25510"}
[2019-01-15 08:37:53] corahb.ERROR: warning {"message":"ftp_chdir(): obrazky levior/89975.jpg: No such file or directory","code":2,"line":389,"file":"/var/www/chbgroup.cz/web/api/vendor/league/flysystem/src/Adapter/Ftp.php"} {"uid":"2b25510"}
[2019-01-15 08:37:53] corahb.ERROR: warning {"message":"ftp_chdir(): obrazky levior/89988.jpg: No such file or directory","code":2,"line":389,"file":"/var/www/chbgroup.cz/web/api/vendor/league/flysystem/src/Adapter/Ftp.php"} {"uid":"2b25510"}
[2019-01-15 08:41:54] corahb.ERROR: exception {"message":"aegisx.token.invalid","code":401,"line":66,"file":"phar:///var/www/chbgroup.cz/web/api/build/src.phar/src/Modules/Users/BaseAuthentication.php","method":"GET","url":"https://www.corahb.net/api/shop/products/aku-priklepova-vrtacka-metabo-602103500?token=5c27a83fe78b27074f5d9df3","query":{"token":"5c27a83fe78b27074f5d9df3"},"body":[],"ip":"66.249.76.140"} {"uid":"9feb646"}
[2019-01-15 08:42:49] corahb.ERROR: exception {"message":"aegisx.token.invalid","code":401,"line":66,"file":"phar:///var/www/chbgroup.cz/web/api/build/src.phar/src/Modules/Users/BaseAuthentication.php","method":"GET","url":"https://www.corahb.net/api/shop/products/sada-bitu-7-ks-torx-yato-yt-0410?token=5c2767a9e78b270f2401a363","query":{"token":"5c2767a9e78b270f2401a363"},"body":[],"ip":"66.249.76.140"} {"uid":"31a9275"}
[2019-01-15 08:45:35] corahb.ERROR: exception {"message":"aegisx.token.invalid","code":401,"line":66,"file":"phar:///var/www/chbgroup.cz/web/api/build/src.phar/src/Modules/Users/BaseAuthentication.php","method":"GET","url":"https://www.corahb.net/api/shop/products/multimetr-digitalni-toya-to-81784?token=5c27a83fe78b27074f5d9df3","query":{"token":"5c27a83fe78b27074f5d9df3"},"body":[],"ip":"66.249.76.142"} {"uid":"4d70f4f"}
[2019-01-15 08:51:51] corahb.ERROR: exception {"message":"aegisx.token.invalid","code":401,"line":66,"file":"phar:///var/www/chbgroup.cz/web/api/build/src.phar/src/Modules/Users/BaseAuthentication.php","method":"GET","url":"https://www.corahb.net/api/shop/products/skrabak-na-ytong-260x95mm-levior-32337?token=5c27c853e78b2729f8401eb3","query":{"token":"5c27c853e78b2729f8401eb3"},"body":[],"ip":"66.249.76.140"} {"uid":"68d8420"}
[2019-01-15 08:52:58] corahb.ERROR: exception {"message":"aegisx.token.invalid","code":401,"line":66,"file":"phar:///var/www/chbgroup.cz/web/api/build/src.phar/src/Modules/Users/BaseAuthentication.php","method":"GET","url":"https://www.corahb.net/api/shop/products/tlakova-maznice-metabo-601572000?token=5c27c853e78b2729f8401eb3","query":{"token":"5c27c853e78b2729f8401eb3"},"body":[],"ip":"66.249.76.142"} {"uid":"1057d53"}
[2019-01-15 08:55:48] corahb.ERROR: exception {"message":"aegisx.token.invalid","code":401,"line":66,"file":"phar:///var/www/chbgroup.cz/web/api/build/src.phar/src/Modules/Users/BaseAuthentication.php","method":"GET","url":"https://www.corahb.net/api/shop/products/vodovaha-kovova-400mm-extol-craft-extol-3574a?token=5c2767a9e78b270f2401a363","query":{"token":"5c2767a9e78b270f2401a363"},"body":[],"ip":"66.249.76.140"} {"uid":"57a408b"}
